<?xml version="1.0" encoding="UTF-8"?>
<!-- Generated by org.testng.reporters.JUnitReportReporter -->
<testsuite skipped="0" hostname="LAPTOP-TEJ5K7T2" name="Qualitest.qtrecog.SearchKudosTest" tests="2" failures="0" timestamp="2021-12-20T12:14:58 IST" time="19.241" errors="0">
  <testcase name="searchKudos" time="9.339" classname="Qualitest.qtrecog.SearchKudosTest"/>
  <system-out/>
  <testcase name="searchKudos1" time="9.902" classname="Qualitest.qtrecog.SearchKudosTest"/>
  <system-out/>
</testsuite> <!-- Qualitest.qtrecog.SearchKudosTest -->
