<?xml version="1.0" encoding="UTF-8"?>
<!-- Generated by org.testng.reporters.JUnitReportReporter -->
<testsuite skipped="0" hostname="LAPTOP-TEJ5K7T2" name="Qualitest.qtrecog.SendKudosTestCase" tests="1" failures="0" timestamp="2021-12-20T12:14:58 IST" time="10.434" errors="0">
  <testcase name="userKudosLogin" time="10.434" classname="Qualitest.qtrecog.SendKudosTestCase"/>
  <system-out/>
</testsuite> <!-- Qualitest.qtrecog.SendKudosTestCase -->
