<?xml version="1.0" encoding="UTF-8"?>
<!-- Generated by org.testng.reporters.JUnitReportReporter -->
<testsuite hostname="LAPTOP-TEJ5K7T2" failures="0" tests="1" name="Qualitest.qtrecog.SearchKudosTest" time="10.133" errors="0" timestamp="2021-12-20T12:06:46 IST" skipped="0">
  <testcase classname="Qualitest.qtrecog.SearchKudosTest" name="searchKudos1" time="10.133"/>
  <system-out/>
</testsuite> <!-- Qualitest.qtrecog.SearchKudosTest -->
