<?xml version="1.0" encoding="UTF-8"?>
<!-- Generated by org.testng.reporters.JUnitReportReporter -->
<testsuite hostname="LAPTOP-TEJ5K7T2" failures="0" tests="1" name="Qualitest.qtrecog.OthersTestCases" time="21.378" errors="0" timestamp="2021-12-19T14:26:58 IST" skipped="0">
  <testcase classname="Qualitest.qtrecog.OthersTestCases" name="kudosSentToday" time="21.378"/>
  <system-out/>
</testsuite> <!-- Qualitest.qtrecog.OthersTestCases -->
