<?xml version="1.0" encoding="UTF-8"?>
<!-- Generated by org.testng.reporters.JUnitReportReporter -->
<testsuite hostname="LAPTOP-TEJ5K7T2" failures="0" tests="1" name="Qualitest.qtrecog.SendKudosTestCase" time="8.278" errors="0" timestamp="2021-12-18T18:47:51 IST" skipped="0">
  <testcase classname="Qualitest.qtrecog.SendKudosTestCase" name="userKudosLogin" time="8.278"/>
  <system-out/>
</testsuite> <!-- Qualitest.qtrecog.SendKudosTestCase -->
