<?xml version="1.0" encoding="UTF-8"?>
<!-- Generated by org.testng.reporters.JUnitReportReporter -->
<testsuite hostname="LAPTOP-TEJ5K7T2" failures="0" tests="1" name="Qualitest.qtrecog.RecentContactsTestCases" time="16.307" errors="0" timestamp="2021-12-19T11:51:04 IST" skipped="0">
  <testcase classname="Qualitest.qtrecog.RecentContactsTestCases" name="fetchRecent" time="16.307"/>
  <system-out/>
</testsuite> <!-- Qualitest.qtrecog.RecentContactsTestCases -->
