<?xml version="1.0" encoding="UTF-8"?>
<!-- Generated by org.testng.reporters.JUnitReportReporter -->
<testsuite skipped="0" hostname="LAPTOP-TEJ5K7T2" name="Qualitest.qtrecog.SearchKudosTest" tests="2" failures="0" timestamp="2021-12-20T12:08:26 IST" time="17.401" errors="0">
  <testcase name="searchKudos1" time="10.583" classname="Qualitest.qtrecog.SearchKudosTest"/>
  <system-out/>
  <testcase name="searchKudos" time="6.818" classname="Qualitest.qtrecog.SearchKudosTest"/>
  <system-out/>
</testsuite> <!-- Qualitest.qtrecog.SearchKudosTest -->
