<?xml version="1.0" encoding="UTF-8"?>
<!-- Generated by org.testng.reporters.JUnitReportReporter -->
<testsuite skipped="0" hostname="LAPTOP-TEJ5K7T2" name="Qualitest.qtrecog.AppTest" tests="1" failures="0" timestamp="2021-12-20T12:08:26 IST" time="0.005" errors="0">
  <testcase name="shouldAnswerWithTrue" time="0.005" classname="Qualitest.qtrecog.AppTest"/>
  <system-out/>
</testsuite> <!-- Qualitest.qtrecog.AppTest -->
